<html>
<head>
<title>TestNG:  Hotel Test</title>
<link href="../testng.css" rel="stylesheet" type="text/css" />
<link href="../my-testng.css" rel="stylesheet" type="text/css" />

<style type="text/css">
.log { display: none;} 
.stack-trace { display: none;} 
</style>
<script type="text/javascript">
<!--
function flip(e) {
  current = e.style.display;
  if (current == 'block') {
    e.style.display = 'none';
    return 0;
  }
  else {
    e.style.display = 'block';
    return 1;
  }
}

function toggleBox(szDivId, elem, msg1, msg2)
{
  var res = -1;  if (document.getElementById) {
    res = flip(document.getElementById(szDivId));
  }
  else if (document.all) {
    // this is the way old msie versions work
    res = flip(document.all[szDivId]);
  }
  if(elem) {
    if(res == 0) elem.innerHTML = msg1; else elem.innerHTML = msg2;
  }

}

function toggleAllBoxes() {
  if (document.getElementsByTagName) {
    d = document.getElementsByTagName('div');
    for (i = 0; i < d.length; i++) {
      if (d[i].className == 'log') {
        flip(d[i]);
      }
    }
  }
}

// -->
</script>

</head>
<body>
<h2 align='center'>Hotel Test</h2><table border='1' align="center">
<tr>
<td>Tests passed/Failed/Skipped:</td><td>0/0/7</td>
</tr><tr>
<td>Started on:</td><td>Sat Jun 25 19:25:02 BST 2016</td>
</tr>
<tr><td>Total time:</td><td>7 seconds (7099 ms)</td>
</tr><tr>
<td>Included groups:</td><td></td>
</tr><tr>
<td>Excluded groups:</td><td></td>
</tr>
</table><p/>
<small><i>(Hover the method name to see the test class name)</i></small><p/>
<table width='100%' border='1' class='invocation-failed'>
<tr><td colspan='4' align='center'><b>FAILED CONFIGURATIONS</b></td></tr>
<tr><td><b>Test method</b></td>
<td width="30%"><b>Exception</b></td>
<td width="10%"><b>Time (seconds)</b></td>
<td><b>Instance</b></td>
</tr>
<tr>
<td title='com.phptravels.hotelbooking.hotelBookingTest.beforeClass()'><b>beforeClass</b><br>Test class: com.phptravels.hotelbooking.hotelBookingTest</td>
<td><div><pre>org.openqa.selenium.WebDriverException: unknown error: cannot get automation extension
from disconnected: unable to send message to renderer
  (Session info: chrome=51.0.2704.103)
  (Driver info: chromedriver=2.21.371459 (36d3d07f660ff2bc1bf28a75d1cdabed0983e7c4),platform=Windows NT 10.0 x86_64) (WARNING: The server did not provide any stacktrace information)
Command duration or timeout: 44 milliseconds
Build info: version: &apos;2.53.0&apos;, revision: &apos;35ae25b1534ae328c771e0856c93e187490ca824&apos;, time: &apos;2016-03-15 10:43:46&apos;
System info: host: &apos;Timmy-PC&apos;, ip: &apos;192.168.56.1&apos;, os.name: &apos;Windows 10&apos;, os.arch: &apos;amd64&apos;, os.version: &apos;10.0&apos;, java.version: &apos;1.8.0_91&apos;
Driver info: org.openqa.selenium.chrome.ChromeDriver
Capabilities [{applicationCacheEnabled=false, rotatable=false, mobileEmulationEnabled=false, chrome={chromedriverVersion=2.21.371459 (36d3d07f660ff2bc1bf28a75d1cdabed0983e7c4), userDataDir=C:\Users\Timmy\AppData\Local\Temp\scoped_dir8632_23521}, takesHeapSnapshot=true, databaseEnabled=false, handlesAlerts=true, hasTouchScreen=false, version=51.0.2704.103, platform=XP, browserConnectionEnabled=false, nativeEvents=true, acceptSslCerts=true, locationContextEnabled=true, webStorageEnabled=true, browserName=chrome, takesScreenshot=true, javascriptEnabled=true, cssSelectorsEnabled=true}]
Session ID: 5b87d4ceed9f7ef822ee30cae23b95c6
	at org.openqa.selenium.remote.ErrorHandler.createThrowable(ErrorHandler.java:206)
	at org.openqa.selenium.remote.ErrorHandler.throwIfResponseFailed(ErrorHandler.java:158)
	at org.openqa.selenium.remote.RemoteWebDriver.execute(RemoteWebDriver.java:678)
	at org.openqa.selenium.remote.RemoteWebDriver$RemoteWebDriverOptions$RemoteWindow.maximize(RemoteWebDriver.java:945)
	at com.phptravels.hotelbooking.hotelBookingTest.beforeClass(hotelBookingTest.java:34)
... Removed 28 stack frames</pre></div><a href='#' onClick='toggleBox("stack-trace497208183", this, "Click to show all stack frames", "Click to hide stack frames")'>Click to show all stack frames</a>
<div class='stack-trace' id='stack-trace497208183'><pre>org.openqa.selenium.WebDriverException: unknown error: cannot get automation extension
from disconnected: unable to send message to renderer
  (Session info: chrome=51.0.2704.103)
  (Driver info: chromedriver=2.21.371459 (36d3d07f660ff2bc1bf28a75d1cdabed0983e7c4),platform=Windows NT 10.0 x86_64) (WARNING: The server did not provide any stacktrace information)
Command duration or timeout: 44 milliseconds
Build info: version: &apos;2.53.0&apos;, revision: &apos;35ae25b1534ae328c771e0856c93e187490ca824&apos;, time: &apos;2016-03-15 10:43:46&apos;
System info: host: &apos;Timmy-PC&apos;, ip: &apos;192.168.56.1&apos;, os.name: &apos;Windows 10&apos;, os.arch: &apos;amd64&apos;, os.version: &apos;10.0&apos;, java.version: &apos;1.8.0_91&apos;
Driver info: org.openqa.selenium.chrome.ChromeDriver
Capabilities [{applicationCacheEnabled=false, rotatable=false, mobileEmulationEnabled=false, chrome={chromedriverVersion=2.21.371459 (36d3d07f660ff2bc1bf28a75d1cdabed0983e7c4), userDataDir=C:\Users\Timmy\AppData\Local\Temp\scoped_dir8632_23521}, takesHeapSnapshot=true, databaseEnabled=false, handlesAlerts=true, hasTouchScreen=false, version=51.0.2704.103, platform=XP, browserConnectionEnabled=false, nativeEvents=true, acceptSslCerts=true, locationContextEnabled=true, webStorageEnabled=true, browserName=chrome, takesScreenshot=true, javascriptEnabled=true, cssSelectorsEnabled=true}]
Session ID: 5b87d4ceed9f7ef822ee30cae23b95c6
	at sun.reflect.NativeConstructorAccessorImpl.newInstance0(Native Method)
	at sun.reflect.NativeConstructorAccessorImpl.newInstance(NativeConstructorAccessorImpl.java:62)
	at sun.reflect.DelegatingConstructorAccessorImpl.newInstance(DelegatingConstructorAccessorImpl.java:45)
	at java.lang.reflect.Constructor.newInstance(Constructor.java:423)
	at org.openqa.selenium.remote.ErrorHandler.createThrowable(ErrorHandler.java:206)
	at org.openqa.selenium.remote.ErrorHandler.throwIfResponseFailed(ErrorHandler.java:158)
	at org.openqa.selenium.remote.RemoteWebDriver.execute(RemoteWebDriver.java:678)
	at org.openqa.selenium.remote.RemoteWebDriver$RemoteWebDriverOptions$RemoteWindow.maximize(RemoteWebDriver.java:945)
	at com.phptravels.hotelbooking.hotelBookingTest.beforeClass(hotelBookingTest.java:34)
	at sun.reflect.NativeMethodAccessorImpl.invoke0(Native Method)
	at sun.reflect.NativeMethodAccessorImpl.invoke(NativeMethodAccessorImpl.java:62)
	at sun.reflect.DelegatingMethodAccessorImpl.invoke(DelegatingMethodAccessorImpl.java:43)
	at java.lang.reflect.Method.invoke(Method.java:498)
	at org.testng.internal.MethodInvocationHelper.invokeMethod(MethodInvocationHelper.java:86)
	at org.testng.internal.Invoker.invokeConfigurationMethod(Invoker.java:514)
	at org.testng.internal.Invoker.invokeConfigurations(Invoker.java:215)
	at org.testng.internal.Invoker.invokeConfigurations(Invoker.java:142)
	at org.testng.internal.TestMethodWorker.invokeBeforeClassMethods(TestMethodWorker.java:178)
	at org.testng.internal.TestMethodWorker.run(TestMethodWorker.java:108)
	at org.testng.TestRunner.privateRun(TestRunner.java:782)
	at org.testng.TestRunner.run(TestRunner.java:632)
	at org.testng.SuiteRunner.runTest(SuiteRunner.java:366)
	at org.testng.SuiteRunner.runSequentially(SuiteRunner.java:361)
	at org.testng.SuiteRunner.privateRun(SuiteRunner.java:319)
	at org.testng.SuiteRunner.run(SuiteRunner.java:268)
	at org.testng.SuiteRunnerWorker.runSuite(SuiteRunnerWorker.java:52)
	at org.testng.SuiteRunnerWorker.run(SuiteRunnerWorker.java:86)
	at org.testng.TestNG.runSuitesSequentially(TestNG.java:1244)
	at org.testng.TestNG.runSuitesLocally(TestNG.java:1169)
	at org.testng.TestNG.run(TestNG.java:1064)
	at org.testng.remote.AbstractRemoteTestNG.run(AbstractRemoteTestNG.java:126)
	at org.testng.remote.RemoteTestNG.initAndRun(RemoteTestNG.java:137)
	at org.testng.remote.RemoteTestNG.main(RemoteTestNG.java:58)
</pre></div></td>
<td>0</td>
<td>com.phptravels.hotelbooking.hotelBookingTest@1753acfe</td></tr>
</table><p>
<table width='100%' border='1' class='invocation-skipped'>
<tr><td colspan='4' align='center'><b>SKIPPED CONFIGURATIONS</b></td></tr>
<tr><td><b>Test method</b></td>
<td width="30%"><b>Exception</b></td>
<td width="10%"><b>Time (seconds)</b></td>
<td><b>Instance</b></td>
</tr>
<tr>
<td title='com.phptravels.hotelbooking.hotelBookingTest.afterClass()'><b>afterClass</b><br>Test class: com.phptravels.hotelbooking.hotelBookingTest</td>
<td></td>
<td>0</td>
<td>com.phptravels.hotelbooking.hotelBookingTest@1753acfe</td></tr>
</table><p>
<table width='100%' border='1' class='invocation-skipped'>
<tr><td colspan='4' align='center'><b>SKIPPED TESTS</b></td></tr>
<tr><td><b>Test method</b></td>
<td width="30%"><b>Exception</b></td>
<td width="10%"><b>Time (seconds)</b></td>
<td><b>Instance</b></td>
</tr>
<tr>
<td title='com.phptravels.hotelbooking.hotelBookingTest.test()'><b>test</b><br>Test class: com.phptravels.hotelbooking.hotelBookingTest<br>Parameters: Lond, 22/06/2016, 29/06/2016</td>
<td></td>
<td>0</td>
<td>com.phptravels.hotelbooking.hotelBookingTest@1753acfe</td></tr>
<tr>
<td title='com.phptravels.hotelbooking.hotelBookingTest.testWithMultipleData()'><b>testWithMultipleData</b><br>Test class: com.phptravels.hotelbooking.hotelBookingTest<br>Parameters: sing, 23/06/2016, 29/06/2016</td>
<td></td>
<td>0</td>
<td>com.phptravels.hotelbooking.hotelBookingTest@1753acfe</td></tr>
<tr>
<td title='com.phptravels.hotelbooking.hotelBookingTest.testWithMultipleData()'><b>testWithMultipleData</b><br>Test class: com.phptravels.hotelbooking.hotelBookingTest<br>Parameters: Dub, 24/06/2016, 30/06/2016</td>
<td></td>
<td>0</td>
<td>com.phptravels.hotelbooking.hotelBookingTest@1753acfe</td></tr>
<tr>
<td title='com.phptravels.hotelbooking.hotelBookingTest.testWithMultipleData()'><b>testWithMultipleData</b><br>Test class: com.phptravels.hotelbooking.hotelBookingTest<br>Parameters: Lond, 25/06/2016, 28/06/2016</td>
<td></td>
<td>0</td>
<td>com.phptravels.hotelbooking.hotelBookingTest@1753acfe</td></tr>
<tr>
<td title='com.phptravels.hotelbooking.hotelBookingTest.testWithMultipleData()'><b>testWithMultipleData</b><br>Test class: com.phptravels.hotelbooking.hotelBookingTest<br>Parameters: Islama, 25/06/2016, 28/06/2016</td>
<td></td>
<td>0</td>
<td>com.phptravels.hotelbooking.hotelBookingTest@1753acfe</td></tr>
<tr>
<td title='com.phptravels.hotelbooking.hotelBookingTest.testWithMultipleData()'><b>testWithMultipleData</b><br>Test class: com.phptravels.hotelbooking.hotelBookingTest<br>Parameters: Manches, 25/06/2016, 28/06/2016</td>
<td></td>
<td>0</td>
<td>com.phptravels.hotelbooking.hotelBookingTest@1753acfe</td></tr>
<tr>
<td title='com.phptravels.hotelbooking.hotelBookingTest.testWithMultipleData()'><b>testWithMultipleData</b><br>Test class: com.phptravels.hotelbooking.hotelBookingTest<br>Parameters: Madin, 25/06/2016, 28/06/2016</td>
<td></td>
<td>0</td>
<td>com.phptravels.hotelbooking.hotelBookingTest@1753acfe</td></tr>
</table><p>
</body>
</html>